<?xml version="1.0" encoding="UTF-8"?>
<!-- Generated by org.testng.reporters.JUnitXMLReporter -->
<testsuite hostname="Akash-Badnale" ignored="0" name="Default test" tests="48" failures="1" timestamp="25 Jul 2018 08:02:29 GMT" time="0.499" errors="0">
  <testcase name="asciiToCharTest" time="0.008" classname="com.ab.TestNextGeneration.asciiAndcharInterConversion.CharAsciiConversionTest"/>
  <testcase name="asciiToCharTest" time="0.004" classname="com.ab.TestNextGeneration.asciiAndcharInterConversion.CharAsciiConversionTest"/>
  <testcase name="asciiToCharTest" time="0.002" classname="com.ab.TestNextGeneration.asciiAndcharInterConversion.CharAsciiConversionTest"/>
  <testcase name="asciiToCharTest" time="0.001" classname="com.ab.TestNextGeneration.asciiAndcharInterConversion.CharAsciiConversionTest"/>
  <testcase name="asciiToCharTest" time="0.003" classname="com.ab.TestNextGeneration.asciiAndcharInterConversion.CharAsciiConversionTest"/>
  <testcase name="asciiToCharTest" time="0.004" classname="com.ab.TestNextGeneration.asciiAndcharInterConversion.CharAsciiConversionTest"/>
  <testcase name="asciiToCharTest" time="0.001" classname="com.ab.TestNextGeneration.asciiAndcharInterConversion.CharAsciiConversionTest"/>
  <testcase name="asciiToCharTest" time="0.002" classname="com.ab.TestNextGeneration.asciiAndcharInterConversion.CharAsciiConversionTest"/>
  <testcase name="asciiToCharTest" time="0.002" classname="com.ab.TestNextGeneration.asciiAndcharInterConversion.CharAsciiConversionTest"/>
  <testcase name="asciiToCharTest" time="0.001" classname="com.ab.TestNextGeneration.asciiAndcharInterConversion.CharAsciiConversionTest"/>
  <testcase name="asciiToCharTest" time="0.004" classname="com.ab.TestNextGeneration.asciiAndcharInterConversion.CharAsciiConversionTest"/>
  <testcase name="asciiToCharTest" time="0.007" classname="com.ab.TestNextGeneration.asciiAndcharInterConversion.CharAsciiConversionTest"/>
  <testcase name="charToAsciiTest" time="0.011" classname="com.ab.TestNextGeneration.asciiAndcharInterConversion.CharAsciiConversionTest"/>
  <testcase name="charToAsciiTest" time="0.0" classname="com.ab.TestNextGeneration.asciiAndcharInterConversion.CharAsciiConversionTest"/>
  <testcase name="charToAsciiTest" time="0.0" classname="com.ab.TestNextGeneration.asciiAndcharInterConversion.CharAsciiConversionTest"/>
  <testcase name="charToAsciiTest" time="0.001" classname="com.ab.TestNextGeneration.asciiAndcharInterConversion.CharAsciiConversionTest"/>
  <testcase name="charToAsciiTest" time="0.006" classname="com.ab.TestNextGeneration.asciiAndcharInterConversion.CharAsciiConversionTest"/>
  <testcase name="charToAsciiTest" time="0.002" classname="com.ab.TestNextGeneration.asciiAndcharInterConversion.CharAsciiConversionTest"/>
  <testcase name="charToAsciiTest" time="0.001" classname="com.ab.TestNextGeneration.asciiAndcharInterConversion.CharAsciiConversionTest"/>
  <testcase name="charToAsciiTest" time="0.006" classname="com.ab.TestNextGeneration.asciiAndcharInterConversion.CharAsciiConversionTest"/>
  <testcase name="charToAsciiTest" time="0.0" classname="com.ab.TestNextGeneration.asciiAndcharInterConversion.CharAsciiConversionTest"/>
  <testcase name="charToAsciiTest" time="0.0" classname="com.ab.TestNextGeneration.asciiAndcharInterConversion.CharAsciiConversionTest"/>
  <testcase name="charToAsciiTest" time="0.0" classname="com.ab.TestNextGeneration.asciiAndcharInterConversion.CharAsciiConversionTest"/>
  <testcase name="charToAsciiTest" time="0.007" classname="com.ab.TestNextGeneration.asciiAndcharInterConversion.CharAsciiConversionTest"/>
  <testcase name="m1" time="0.0" classname="com.ab.TestNextGeneration.asciiAndcharInterConversion.CharAsciiConversionTest">
    <failure type="java.lang.AssertionError" message="null">
      <![CDATA[java.lang.AssertionError: null
at org.testng.Assert.fail(Assert.java:96)
at org.testng.Assert.fail(Assert.java:103)
at com.ab.TestNextGeneration.asciiAndcharInterConversion.CharAsciiConversionTest.m1(CharAsciiConversionTest.java:65)
at sun.reflect.NativeMethodAccessorImpl.invoke0(Native Method)
at sun.reflect.NativeMethodAccessorImpl.invoke(NativeMethodAccessorImpl.java:62)
at sun.reflect.DelegatingMethodAccessorImpl.invoke(DelegatingMethodAccessorImpl.java:43)
at java.lang.reflect.Method.invoke(Method.java:498)
at org.testng.internal.MethodInvocationHelper.invokeMethod(MethodInvocationHelper.java:124)
at org.testng.internal.Invoker.invokeMethod(Invoker.java:580)
at org.testng.internal.Invoker.invokeTestMethod(Invoker.java:716)
at org.testng.internal.Invoker.invokeTestMethods(Invoker.java:988)
at org.testng.internal.TestMethodWorker.invokeTestMethods(TestMethodWorker.java:125)
at org.testng.internal.TestMethodWorker.run(TestMethodWorker.java:109)
at org.testng.TestRunner.privateRun(TestRunner.java:648)
at org.testng.TestRunner.run(TestRunner.java:505)
at org.testng.SuiteRunner.runTest(SuiteRunner.java:455)
at org.testng.SuiteRunner.runSequentially(SuiteRunner.java:450)
at org.testng.SuiteRunner.privateRun(SuiteRunner.java:415)
at org.testng.SuiteRunner.run(SuiteRunner.java:364)
at org.testng.SuiteRunnerWorker.runSuite(SuiteRunnerWorker.java:52)
at org.testng.SuiteRunnerWorker.run(SuiteRunnerWorker.java:84)
at org.testng.TestNG.runSuitesSequentially(TestNG.java:1208)
at org.testng.TestNG.runSuitesLocally(TestNG.java:1137)
at org.testng.TestNG.runSuites(TestNG.java:1049)
at org.testng.TestNG.run(TestNG.java:1017)
at org.testng.remote.AbstractRemoteTestNG.run(AbstractRemoteTestNG.java:114)
at org.testng.remote.RemoteTestNG.initAndRun(RemoteTestNG.java:251)
at org.testng.remote.RemoteTestNG.main(RemoteTestNG.java:77)
]]>
    </failure>
  </testcase> <!-- m1 -->
  <testcase name="simpleMethod" time="0.005" classname="com.ab.TestNextGeneration.asciiAndcharInterConversion.CharAsciiConversionTest"/>
  <testcase name="anotherSimpleMethod" time="0.005" classname="com.ab.TestNextGeneration.asciiAndcharInterConversion.CharAsciiConversionTest"/>
  <testcase name="anotherSimpleMethod" time="0.002" classname="com.ab.TestNextGeneration.asciiAndcharInterConversion.CharAsciiConversionTest"/>
  <testcase name="anotherSimpleMethod" time="0.001" classname="com.ab.TestNextGeneration.asciiAndcharInterConversion.CharAsciiConversionTest"/>
  <testcase name="anotherSimpleMethod" time="0.0" classname="com.ab.TestNextGeneration.asciiAndcharInterConversion.CharAsciiConversionTest"/>
  <testcase name="anotherSimpleMethod" time="0.0" classname="com.ab.TestNextGeneration.asciiAndcharInterConversion.CharAsciiConversionTest"/>
  <testcase name="addMethodTest" time="0.001" classname="com.ab.TestNextGeneration.calculator.CalculatorTest"/>
  <testcase name="addMethodTest2" time="0.0" classname="com.ab.TestNextGeneration.calculator.CalculatorTest"/>
  <testcase name="addMethodTest3" time="0.004" classname="com.ab.TestNextGeneration.calculator.CalculatorTest"/>
  <testcase name="addMethodTest4" time="0.0" classname="com.ab.TestNextGeneration.calculator.CalculatorTest"/>
  <testcase name="divisionMethodTest" time="0.004" classname="com.ab.TestNextGeneration.calculator.CalculatorTest"/>
  <testcase name="divisionMethodTest" time="0.0" classname="com.ab.TestNextGeneration.calculator.CalculatorTest"/>
  <testcase name="divisionMethodTest" time="0.0" classname="com.ab.TestNextGeneration.calculator.CalculatorTest"/>
  <testcase name="divisionMethodTest" time="0.0" classname="com.ab.TestNextGeneration.calculator.CalculatorTest"/>
  <testcase name="multiplyMethodTest" time="0.003" classname="com.ab.TestNextGeneration.calculator.CalculatorTest"/>
  <testcase name="multiplyMethodTest" time="0.004" classname="com.ab.TestNextGeneration.calculator.CalculatorTest"/>
  <testcase name="multiplyMethodTest" time="0.004" classname="com.ab.TestNextGeneration.calculator.CalculatorTest"/>
  <testcase name="multiplyMethodTest" time="0.0" classname="com.ab.TestNextGeneration.calculator.CalculatorTest"/>
  <testcase name="substractMethodTest2" time="0.0" classname="com.ab.TestNextGeneration.calculator.CalculatorTest"/>
  <testcase name="substractMethodTest3" time="0.0" classname="com.ab.TestNextGeneration.calculator.CalculatorTest"/>
  <testcase name="substractMethodTest4" time="0.001" classname="com.ab.TestNextGeneration.calculator.CalculatorTest"/>
  <testcase name="m2" time="0.0" classname="com.ab.TestNextGeneration.asciiAndcharInterConversion.CharAsciiConversionTest">
    <skipped/>
  </testcase> <!-- m2 -->
  <testcase name="substractMethodTest" time="0.001" classname="com.ab.TestNextGeneration.calculator.CalculatorTest"/>
</testsuite> <!-- Default test -->
